# JRE version: Java(TM) SE Runtime Environment (8.0_51-b16) (build 1.8.0_51-b16)
# Java VM: Java HotSpot(TM) 64-Bit Server VM (25.51-b03 mixed mode linux-amd64 compressed oops)
Heap:
 PSYoungGen      total 271872K, used 49055K [0x000000076e580000, 0x0000000785e00000, 0x00000007c0000000)
  eden space 261120K, 15% used [0x000000076e580000,0x0000000770e1b1b8,0x000000077e480000)
  from space 10752K, 69% used [0x000000077e480000,0x000000077ebccc10,0x000000077ef00000)
  to   space 10240K, 0% used [0x0000000785400000,0x0000000785400000,0x0000000785e00000)
 ParOldGen       total 171520K, used 10117K [0x00000006cb000000, 0x00000006d5780000, 0x000000076e580000)
  object space 171520K, 5% used [0x00000006cb000000,0x00000006cb9e16b8,0x00000006d5780000)
 Metaspace       used 43513K, capacity 48630K, committed 48896K, reserved 1091584K
  class space    used 6269K, capacity 6840K, committed 6912K, reserved 1048576K
GC Heap History (10 events):
Event: 7,009 GC heap before
{Heap before GC invocations=9 (full 2):
 PSYoungGen      total 139776K, used 134077K [0x000000076e580000, 0x0000000777980000, 0x00000007c0000000)
  eden space 129024K, 100% used [0x000000076e580000,0x0000000776380000,0x0000000776380000)
  from space 10752K, 46% used [0x0000000776e80000,0x000000077736f4a8,0x0000000777900000)
  to   space 11264K, 0% used [0x0000000776380000,0x0000000776380000,0x0000000776e80000)
 ParOldGen       total 171520K, used 10085K [0x00000006cb000000, 0x00000006d5780000, 0x000000076e580000)
  object space 171520K, 5% used [0x00000006cb000000,0x00000006cb9d96b8,0x00000006d5780000)
 Metaspace       used 42686K, capacity 47486K, committed 47616K, reserved 1089536K
  class space    used 6129K, capacity 6638K, committed 6656K, reserved 1048576K
Event: 7,019 GC heap after
Heap after GC invocations=9 (full 2):
 PSYoungGen      total 140288K, used 5284K [0x000000076e580000, 0x000000077b980000, 0x00000007c0000000)
  eden space 129024K, 0% used [0x000000076e580000,0x000000076e580000,0x0000000776380000)
  from space 11264K, 46% used [0x0000000776380000,0x00000007768a91e8,0x0000000776e80000)
  to   space 11264K, 0% used [0x000000077ae80000,0x000000077ae80000,0x000000077b980000)
 ParOldGen       total 171520K, used 10093K [0x00000006cb000000, 0x00000006d5780000, 0x000000076e580000)
  object space 171520K, 5% used [0x00000006cb000000,0x00000006cb9db6b8,0x00000006d5780000)
 Metaspace       used 42686K, capacity 47486K, committed 47616K, reserved 1089536K
  class space    used 6129K, capacity 6638K, committed 6656K, reserved 1048576K
}
Event: 7,275 GC heap before
{Heap before GC invocations=10 (full 2):
 PSYoungGen      total 140288K, used 134308K [0x000000076e580000, 0x000000077b980000, 0x00000007c0000000)
  eden space 129024K, 100% used [0x000000076e580000,0x0000000776380000,0x0000000776380000)
  from space 11264K, 46% used [0x0000000776380000,0x00000007768a91e8,0x0000000776e80000)
  to   space 11264K, 0% used [0x000000077ae80000,0x000000077ae80000,0x000000077b980000)
 ParOldGen       total 171520K, used 10093K [0x00000006cb000000, 0x00000006d5780000, 0x000000076e580000)
  object space 171520K, 5% used [0x00000006cb000000,0x00000006cb9db6b8,0x00000006d5780000)
 Metaspace       used 43047K, capacity 47988K, committed 48256K, reserved 1091584K
  class space    used 6196K, capacity 6728K, committed 6784K, reserved 1048576K
Event: 7,280 GC heap after
Heap after GC invocations=10 (full 2):
 PSYoungGen      total 205824K, used 5700K [0x000000076e580000, 0x000000077bb80000, 0x00000007c0000000)
  eden space 194560K, 0% used [0x000000076e580000,0x000000076e580000,0x000000077a380000)
  from space 11264K, 50% used [0x000000077ae80000,0x000000077b4111e8,0x000000077b980000)
  to   space 11264K, 0% used [0x000000077a380000,0x000000077a380000,0x000000077ae80000)
 ParOldGen       total 171520K, used 10101K [0x00000006cb000000, 0x00000006d5780000, 0x000000076e580000)
  object space 171520K, 5% used [0x00000006cb000000,0x00000006cb9dd6b8,0x00000006d5780000)
 Metaspace       used 43047K, capacity 47988K, committed 48256K, reserved 1091584K
  class space    used 6196K, capacity 6728K, committed 6784K, reserved 1048576K
}
Event: 7,531 GC heap before
{Heap before GC invocations=11 (full 2):
 PSYoungGen      total 205824K, used 200260K [0x000000076e580000, 0x000000077bb80000, 0x00000007c0000000)
  eden space 194560K, 100% used [0x000000076e580000,0x000000077a380000,0x000000077a380000)
  from space 11264K, 50% used [0x000000077ae80000,0x000000077b4111e8,0x000000077b980000)
  to   space 11264K, 0% used [0x000000077a380000,0x000000077a380000,0x000000077ae80000)
 ParOldGen       total 171520K, used 10101K [0x00000006cb000000, 0x00000006d5780000, 0x000000076e580000)
  object space 171520K, 5% used [0x00000006cb000000,0x00000006cb9dd6b8,0x00000006d5780000)
 Metaspace       used 43052K, capacity 47988K, committed 48256K, reserved 1091584K
  class space    used 6196K, capacity 6728K, committed 6784K, reserved 1048576K
Event: 7,539 GC heap after
Heap after GC invocations=11 (full 2):
 PSYoungGen      total 205824K, used 6084K [0x000000076e580000, 0x000000077f980000, 0x00000007c0000000)
  eden space 194560K, 0% used [0x000000076e580000,0x000000076e580000,0x000000077a380000)
  from space 11264K, 54% used [0x000000077a380000,0x000000077a9711e8,0x000000077ae80000)
  to   space 10752K, 0% used [0x000000077ef00000,0x000000077ef00000,0x000000077f980000)
 ParOldGen       total 171520K, used 10101K [0x00000006cb000000, 0x00000006d5780000, 0x000000076e580000)
  object space 171520K, 5% used [0x00000006cb000000,0x00000006cb9dd6b8,0x00000006d5780000)
 Metaspace       used 43052K, capacity 47988K, committed 48256K, reserved 1091584K
  class space    used 6196K, capacity 6728K, committed 6784K, reserved 1048576K
}
Event: 7,741 GC heap before
{Heap before GC invocations=12 (full 2):
 PSYoungGen      total 205824K, used 200644K [0x000000076e580000, 0x000000077f980000, 0x00000007c0000000)
  eden space 194560K, 100% used [0x000000076e580000,0x000000077a380000,0x000000077a380000)
  from space 11264K, 54% used [0x000000077a380000,0x000000077a9711e8,0x000000077ae80000)
  to   space 10752K, 0% used [0x000000077ef00000,0x000000077ef00000,0x000000077f980000)
 ParOldGen       total 171520K, used 10101K [0x00000006cb000000, 0x00000006d5780000, 0x000000076e580000)
  object space 171520K, 5% used [0x00000006cb000000,0x00000006cb9dd6b8,0x00000006d5780000)
 Metaspace       used 43069K, capacity 48052K, committed 48256K, reserved 1091584K
  class space    used 6196K, capacity 6728K, committed 6784K, reserved 1048576K
Event: 7,752 GC heap after
Heap after GC invocations=12 (full 2):
 PSYoungGen      total 271872K, used 6580K [0x000000076e580000, 0x0000000780300000, 0x00000007c0000000)
  eden space 261120K, 0% used [0x000000076e580000,0x000000076e580000,0x000000077e480000)
  from space 10752K, 61% used [0x000000077ef00000,0x000000077f56d1d8,0x000000077f980000)
  to   space 10752K, 0% used [0x000000077e480000,0x000000077e480000,0x000000077ef00000)
 ParOldGen       total 171520K, used 10109K [0x00000006cb000000, 0x00000006d5780000, 0x000000076e580000)
  object space 171520K, 5% used [0x00000006cb000000,0x00000006cb9df6b8,0x00000006d5780000)
 Metaspace       used 43069K, capacity 48052K, committed 48256K, reserved 1091584K
  class space    used 6196K, capacity 6728K, committed 6784K, reserved 1048576K
}
Event: 8,066 GC heap before
{Heap before GC invocations=13 (full 2):
 PSYoungGen      total 271872K, used 267700K [0x000000076e580000, 0x0000000780300000, 0x00000007c0000000)
  eden space 261120K, 100% used [0x000000076e580000,0x000000077e480000,0x000000077e480000)
  from space 10752K, 61% used [0x000000077ef00000,0x000000077f56d1d8,0x000000077f980000)
  to   space 10752K, 0% used [0x000000077e480000,0x000000077e480000,0x000000077ef00000)
 ParOldGen       total 171520K, used 10109K [0x00000006cb000000, 0x00000006d5780000, 0x000000076e580000)
  object space 171520K, 5% used [0x00000006cb000000,0x00000006cb9df6b8,0x00000006d5780000)
 Metaspace       used 43116K, capacity 48136K, committed 48256K, reserved 1091584K
  class space    used 6206K, capacity 6772K, committed 6784K, reserved 1048576K
Event: 8,077 GC heap after
Heap after GC invocations=13 (full 2):
 PSYoungGen      total 271872K, used 7475K [0x000000076e580000, 0x0000000785e00000, 0x00000007c0000000)
  eden space 261120K, 0% used [0x000000076e580000,0x000000076e580000,0x000000077e480000)
  from space 10752K, 69% used [0x000000077e480000,0x000000077ebccc10,0x000000077ef00000)
  to   space 10240K, 0% used [0x0000000785400000,0x0000000785400000,0x0000000785e00000)
 ParOldGen       total 171520K, used 10117K [0x00000006cb000000, 0x00000006d5780000, 0x000000076e580000)
  object space 171520K, 5% used [0x00000006cb000000,0x00000006cb9e16b8,0x00000006d5780000)
 Metaspace       used 43116K, capacity 48136K, committed 48256K, reserved 1091584K
  class space    used 6206K, capacity 6772K, committed 6784K, reserved 1048576K
}

